<?xml version="1.0" encoding="UTF-8"?>
<testng-results ignored="0" total="1" passed="1" failed="0" skipped="0">
  <reporter-output>
  </reporter-output>
  <suite started-at="2022-08-10T10:26:26 IST" name="Default suite" finished-at="2022-08-10T10:26:35 IST" duration-ms="8882">
    <groups>
    </groups>
    <test started-at="2022-08-10T10:26:26 IST" name="Default test" finished-at="2022-08-10T10:26:35 IST" duration-ms="8882">
      <class name="com.crm.Patients.UpdatePatientTest">
        <test-method is-config="true" signature="launchTheBrowser()[pri:0, instance:com.crm.Patients.UpdatePatientTest@6253c26]" started-at="2022-08-10T10:26:26 IST" name="launchTheBrowser" finished-at="2022-08-10T10:26:31 IST" duration-ms="4890" status="PASS">
          <reporter-output>
          </reporter-output>
        </test-method> <!-- launchTheBrowser -->
        <test-method signature="updatePatient()[pri:0, instance:com.crm.Patients.UpdatePatientTest@6253c26]" started-at="2022-08-10T10:26:31 IST" name="updatePatient" finished-at="2022-08-10T10:26:35 IST" duration-ms="3935" status="PASS">
          <reporter-output>
          </reporter-output>
        </test-method> <!-- updatePatient -->
      </class> <!-- com.crm.Patients.UpdatePatientTest -->
    </test> <!-- Default test -->
  </suite> <!-- Default suite -->
</testng-results>
