<?xml version="1.0" encoding="UTF-8"?>
<testng-results ignored="0" total="1" passed="1" failed="0" skipped="0">
  <reporter-output>
  </reporter-output>
  <suite started-at="2022-08-12T11:14:03 IST" name="Default suite" finished-at="2022-08-12T11:14:12 IST" duration-ms="8841">
    <groups>
    </groups>
    <test started-at="2022-08-12T11:14:03 IST" name="Default test" finished-at="2022-08-12T11:14:12 IST" duration-ms="8841">
      <class name="com.crm.Patients.AdminAppointmentTC_02Test">
        <test-method is-config="true" signature="launchTheBrowser()[pri:0, instance:com.crm.Patients.AdminAppointmentTC_02Test@6253c26]" started-at="2022-08-12T11:14:03 IST" name="launchTheBrowser" finished-at="2022-08-12T11:14:08 IST" duration-ms="4882" status="PASS">
          <reporter-output>
          </reporter-output>
        </test-method> <!-- launchTheBrowser -->
        <test-method signature="adminAppointmentTC_02Test()[pri:0, instance:com.crm.Patients.AdminAppointmentTC_02Test@6253c26]" started-at="2022-08-12T11:14:08 IST" name="adminAppointmentTC_02Test" finished-at="2022-08-12T11:14:12 IST" duration-ms="3917" status="PASS">
          <reporter-output>
          </reporter-output>
        </test-method> <!-- adminAppointmentTC_02Test -->
      </class> <!-- com.crm.Patients.AdminAppointmentTC_02Test -->
    </test> <!-- Default test -->
  </suite> <!-- Default suite -->
</testng-results>
