<?xml version="1.0" encoding="UTF-8"?>
<testng-results ignored="0" total="1" passed="1" failed="0" skipped="0">
  <reporter-output>
  </reporter-output>
  <suite started-at="2022-08-10T14:31:53 IST" name="Default suite" finished-at="2022-08-10T14:32:01 IST" duration-ms="7694">
    <groups>
    </groups>
    <test started-at="2022-08-10T14:31:53 IST" name="Default test" finished-at="2022-08-10T14:32:01 IST" duration-ms="7694">
      <class name="com.crm.Patients.BookMyAppointment_TC05_Test">
        <test-method is-config="true" signature="launchTheBrowser()[pri:0, instance:com.crm.Patients.BookMyAppointment_TC05_Test@6253c26]" started-at="2022-08-10T14:31:53 IST" name="launchTheBrowser" finished-at="2022-08-10T14:31:58 IST" duration-ms="4911" status="PASS">
          <reporter-output>
          </reporter-output>
        </test-method> <!-- launchTheBrowser -->
        <test-method signature="bookMyAppointment_TC05_Test()[pri:0, instance:com.crm.Patients.BookMyAppointment_TC05_Test@6253c26]" started-at="2022-08-10T14:31:58 IST" name="bookMyAppointment_TC05_Test" finished-at="2022-08-10T14:32:01 IST" duration-ms="2731" status="PASS">
          <reporter-output>
          </reporter-output>
        </test-method> <!-- bookMyAppointment_TC05_Test -->
      </class> <!-- com.crm.Patients.BookMyAppointment_TC05_Test -->
    </test> <!-- Default test -->
  </suite> <!-- Default suite -->
</testng-results>
