<?xml version="1.0" encoding="UTF-8"?>
<testng-results ignored="0" total="1" passed="1" failed="0" skipped="0">
  <reporter-output>
  </reporter-output>
  <suite started-at="2022-08-12T10:00:57 IST" name="Default suite" finished-at="2022-08-12T10:01:25 IST" duration-ms="28469">
    <groups>
    </groups>
    <test started-at="2022-08-12T10:00:57 IST" name="Default test" finished-at="2022-08-12T10:01:25 IST" duration-ms="28469">
      <class name="com.hms.doctors.AddPatientAndVerifyInManagePatientTest">
        <test-method is-config="true" signature="launchTheBrowser()[pri:0, instance:com.hms.doctors.AddPatientAndVerifyInManagePatientTest@576d5deb]" started-at="2022-08-12T10:00:57 IST" name="launchTheBrowser" finished-at="2022-08-12T10:01:09 IST" duration-ms="11968" status="PASS">
          <reporter-output>
          </reporter-output>
        </test-method> <!-- launchTheBrowser -->
        <test-method signature="registerPatientAndVerifyAppointmentInDoctorModuleTest()[pri:0, instance:com.hms.doctors.AddPatientAndVerifyInManagePatientTest@576d5deb]" started-at="2022-08-12T10:01:09 IST" name="registerPatientAndVerifyAppointmentInDoctorModuleTest" finished-at="2022-08-12T10:01:24 IST" duration-ms="15694" status="PASS">
          <reporter-output>
          </reporter-output>
        </test-method> <!-- registerPatientAndVerifyAppointmentInDoctorModuleTest -->
        <test-method is-config="true" signature="closeTheBrowser()[pri:0, instance:com.hms.doctors.AddPatientAndVerifyInManagePatientTest@576d5deb]" started-at="2022-08-12T10:01:24 IST" name="closeTheBrowser" finished-at="2022-08-12T10:01:25 IST" duration-ms="688" status="PASS">
          <reporter-output>
          </reporter-output>
        </test-method> <!-- closeTheBrowser -->
      </class> <!-- com.hms.doctors.AddPatientAndVerifyInManagePatientTest -->
    </test> <!-- Default test -->
  </suite> <!-- Default suite -->
</testng-results>
