<?xml version="1.0" encoding="UTF-8"?>
<testng-results ignored="0" total="1" passed="1" failed="0" skipped="0">
  <reporter-output>
  </reporter-output>
  <suite started-at="2022-08-10T10:37:34 IST" name="Default suite" finished-at="2022-08-10T10:37:52 IST" duration-ms="17838">
    <groups>
    </groups>
    <test started-at="2022-08-10T10:37:34 IST" name="Default test" finished-at="2022-08-10T10:37:52 IST" duration-ms="17838">
      <class name="com.crm.Patients.BookMyAppointmentTC_03Test">
        <test-method is-config="true" signature="dbConfig()[pri:0, instance:com.crm.Patients.BookMyAppointmentTC_03Test@201a4587]" started-at="2022-08-10T10:37:34 IST" name="dbConfig" finished-at="2022-08-10T10:37:34 IST" duration-ms="15" status="PASS">
          <reporter-output>
          </reporter-output>
        </test-method> <!-- dbConfig -->
        <test-method is-config="true" signature="launchTheBrowser()[pri:0, instance:com.crm.Patients.BookMyAppointmentTC_03Test@201a4587]" started-at="2022-08-10T10:37:34 IST" name="launchTheBrowser" finished-at="2022-08-10T10:37:42 IST" duration-ms="8467" status="PASS">
          <reporter-output>
          </reporter-output>
        </test-method> <!-- launchTheBrowser -->
        <test-method is-config="true" signature="loginToAppln()[pri:0, instance:com.crm.Patients.BookMyAppointmentTC_03Test@201a4587]" started-at="2022-08-10T10:37:42 IST" name="loginToAppln" finished-at="2022-08-10T10:37:42 IST" duration-ms="117" status="PASS">
          <reporter-output>
          </reporter-output>
        </test-method> <!-- loginToAppln -->
        <test-method signature="bookMyAppointmentTC_03Test()[pri:0, instance:com.crm.Patients.BookMyAppointmentTC_03Test@201a4587]" started-at="2022-08-10T10:37:42 IST" name="bookMyAppointmentTC_03Test" finished-at="2022-08-10T10:37:50 IST" duration-ms="7770" status="PASS">
          <reporter-output>
          </reporter-output>
        </test-method> <!-- bookMyAppointmentTC_03Test -->
        <test-method is-config="true" signature="logoutFromAppln()[pri:0, instance:com.crm.Patients.BookMyAppointmentTC_03Test@201a4587]" started-at="2022-08-10T10:37:50 IST" name="logoutFromAppln" finished-at="2022-08-10T10:37:50 IST" duration-ms="7" status="PASS">
          <reporter-output>
          </reporter-output>
        </test-method> <!-- logoutFromAppln -->
        <test-method is-config="true" signature="closeTheBrowser()[pri:0, instance:com.crm.Patients.BookMyAppointmentTC_03Test@201a4587]" started-at="2022-08-10T10:37:50 IST" name="closeTheBrowser" finished-at="2022-08-10T10:37:52 IST" duration-ms="1398" status="PASS">
          <reporter-output>
          </reporter-output>
        </test-method> <!-- closeTheBrowser -->
        <test-method is-config="true" signature="closeDBconfig()[pri:0, instance:com.crm.Patients.BookMyAppointmentTC_03Test@201a4587]" started-at="2022-08-10T10:37:52 IST" name="closeDBconfig" finished-at="2022-08-10T10:37:52 IST" duration-ms="0" status="PASS">
          <reporter-output>
          </reporter-output>
        </test-method> <!-- closeDBconfig -->
      </class> <!-- com.crm.Patients.BookMyAppointmentTC_03Test -->
    </test> <!-- Default test -->
  </suite> <!-- Default suite -->
</testng-results>
